# JRE version: Java(TM) SE Runtime Environment (8.0_51-b16) (build 1.8.0_51-b16)
# Java VM: Java HotSpot(TM) 64-Bit Server VM (25.51-b03 mixed mode linux-amd64 compressed oops)
Heap:
 PSYoungGen      total 118784K, used 48407K [0x00000000f5980000, 0x00000000fff80000, 0x0000000100000000)
  eden space 67072K, 71% used [0x00000000f5980000,0x00000000f8885da0,0x00000000f9b00000)
  from space 51712K, 0% used [0x00000000f9b00000,0x00000000f9b40000,0x00000000fcd80000)
  to   space 51200K, 0% used [0x00000000fcd80000,0x00000000fcd80000,0x00000000fff80000)
 ParOldGen       total 238592K, used 97680K [0x00000000e0c00000, 0x00000000ef500000, 0x00000000f5980000)
  object space 238592K, 40% used [0x00000000e0c00000,0x00000000e6b64170,0x00000000ef500000)
 Metaspace       used 51989K, capacity 53744K, committed 53888K, reserved 1095680K
  class space    used 7554K, capacity 7799K, committed 7808K, reserved 1048576K
GC Heap History (10 events):
Event: 20.375 GC heap before
{Heap before GC invocations=25 (full 2):
 PSYoungGen      total 117760K, used 78116K [0x00000000f5980000, 0x0000000100000000, 0x0000000100000000)
  eden space 69632K, 100% used [0x00000000f5980000,0x00000000f9d80000,0x00000000f9d80000)
  from space 48128K, 17% used [0x00000000fce00000,0x00000000fd649010,0x00000000ffd00000)
  to   space 49664K, 0% used [0x00000000f9d80000,0x00000000f9d80000,0x00000000fce00000)
 ParOldGen       total 238592K, used 89316K [0x00000000e0c00000, 0x00000000ef500000, 0x00000000f5980000)
  object space 238592K, 37% used [0x00000000e0c00000,0x00000000e6339160,0x00000000ef500000)
 Metaspace       used 51839K, capacity 53546K, committed 53632K, reserved 1095680K
  class space    used 7544K, capacity 7797K, committed 7808K, reserved 1048576K
Event: 20.387 GC heap after
Heap after GC invocations=25 (full 2):
 PSYoungGen      total 119296K, used 8484K [0x00000000f5980000, 0x0000000100000000, 0x0000000100000000)
  eden space 69632K, 0% used [0x00000000f5980000,0x00000000f5980000,0x00000000f9d80000)
  from space 49664K, 17% used [0x00000000f9d80000,0x00000000fa5c9010,0x00000000fce00000)
  to   space 50176K, 0% used [0x00000000fcf00000,0x00000000fcf00000,0x0000000100000000)
 ParOldGen       total 238592K, used 89388K [0x00000000e0c00000, 0x00000000ef500000, 0x00000000f5980000)
  object space 238592K, 37% used [0x00000000e0c00000,0x00000000e634b160,0x00000000ef500000)
 Metaspace       used 51839K, capacity 53546K, committed 53632K, reserved 1095680K
  class space    used 7544K, capacity 7797K, committed 7808K, reserved 1048576K
}
Event: 21.192 GC heap before
{Heap before GC invocations=26 (full 2):
 PSYoungGen      total 119296K, used 78116K [0x00000000f5980000, 0x0000000100000000, 0x0000000100000000)
  eden space 69632K, 100% used [0x00000000f5980000,0x00000000f9d80000,0x00000000f9d80000)
  from space 49664K, 17% used [0x00000000f9d80000,0x00000000fa5c9010,0x00000000fce00000)
  to   space 50176K, 0% used [0x00000000fcf00000,0x00000000fcf00000,0x0000000100000000)
 ParOldGen       total 238592K, used 89388K [0x00000000e0c00000, 0x00000000ef500000, 0x00000000f5980000)
  object space 238592K, 37% used [0x00000000e0c00000,0x00000000e634b160,0x00000000ef500000)
 Metaspace       used 51843K, capacity 53546K, committed 53632K, reserved 1095680K
  class space    used 7544K, capacity 7797K, committed 7808K, reserved 1048576K
Event: 21.201 GC heap after
Heap after GC invocations=26 (full 2):
 PSYoungGen      total 120320K, used 8292K [0x00000000f5980000, 0x0000000100000000, 0x0000000100000000)
  eden space 70144K, 0% used [0x00000000f5980000,0x00000000f5980000,0x00000000f9e00000)
  from space 50176K, 16% used [0x00000000fcf00000,0x00000000fd719010,0x0000000100000000)
  to   space 50176K, 0% used [0x00000000f9e00000,0x00000000f9e00000,0x00000000fcf00000)
 ParOldGen       total 238592K, used 89516K [0x00000000e0c00000, 0x00000000ef500000, 0x00000000f5980000)
  object space 238592K, 37% used [0x00000000e0c00000,0x00000000e636b160,0x00000000ef500000)
 Metaspace       used 51843K, capacity 53546K, committed 53632K, reserved 1095680K
  class space    used 7544K, capacity 7797K, committed 7808K, reserved 1048576K
}
Event: 21.926 GC heap before
{Heap before GC invocations=27 (full 2):
 PSYoungGen      total 120320K, used 78436K [0x00000000f5980000, 0x0000000100000000, 0x0000000100000000)
  eden space 70144K, 100% used [0x00000000f5980000,0x00000000f9e00000,0x00000000f9e00000)
  from space 50176K, 16% used [0x00000000fcf00000,0x00000000fd719010,0x0000000100000000)
  to   space 50176K, 0% used [0x00000000f9e00000,0x00000000f9e00000,0x00000000fcf00000)
 ParOldGen       total 238592K, used 89516K [0x00000000e0c00000, 0x00000000ef500000, 0x00000000f5980000)
  object space 238592K, 37% used [0x00000000e0c00000,0x00000000e636b160,0x00000000ef500000)
 Metaspace       used 51852K, capacity 53546K, committed 53632K, reserved 1095680K
  class space    used 7544K, capacity 7797K, committed 7808K, reserved 1048576K
Event: 21.938 GC heap after
Heap after GC invocations=27 (full 2):
 PSYoungGen      total 70656K, used 320K [0x00000000f5980000, 0x0000000100000000, 0x0000000100000000)
  eden space 70144K, 0% used [0x00000000f5980000,0x00000000f5980000,0x00000000f9e00000)
  from space 512K, 62% used [0x00000000f9e00000,0x00000000f9e50000,0x00000000f9e80000)
  to   space 51200K, 0% used [0x00000000fce00000,0x00000000fce00000,0x0000000100000000)
 ParOldGen       total 238592K, used 97632K [0x00000000e0c00000, 0x00000000ef500000, 0x00000000f5980000)
  object space 238592K, 40% used [0x00000000e0c00000,0x00000000e6b58170,0x00000000ef500000)
 Metaspace       used 51852K, capacity 53546K, committed 53632K, reserved 1095680K
  class space    used 7544K, capacity 7797K, committed 7808K, reserved 1048576K
}
Event: 22.728 GC heap before
{Heap before GC invocations=28 (full 2):
 PSYoungGen      total 70656K, used 70464K [0x00000000f5980000, 0x0000000100000000, 0x0000000100000000)
  eden space 70144K, 100% used [0x00000000f5980000,0x00000000f9e00000,0x00000000f9e00000)
  from space 512K, 62% used [0x00000000f9e00000,0x00000000f9e50000,0x00000000f9e80000)
  to   space 51200K, 0% used [0x00000000fce00000,0x00000000fce00000,0x0000000100000000)
 ParOldGen       total 238592K, used 97632K [0x00000000e0c00000, 0x00000000ef500000, 0x00000000f5980000)
  object space 238592K, 40% used [0x00000000e0c00000,0x00000000e6b58170,0x00000000ef500000)
 Metaspace       used 51852K, capacity 53546K, committed 53632K, reserved 1095680K
  class space    used 7544K, capacity 7797K, committed 7808K, reserved 1048576K
Event: 22.737 GC heap after
Heap after GC invocations=28 (full 2):
 PSYoungGen      total 118272K, used 192K [0x00000000f5980000, 0x0000000100000000, 0x0000000100000000)
  eden space 67072K, 0% used [0x00000000f5980000,0x00000000f5980000,0x00000000f9b00000)
  from space 51200K, 0% used [0x00000000fce00000,0x00000000fce30000,0x0000000100000000)
  to   space 51712K, 0% used [0x00000000f9b00000,0x00000000f9b00000,0x00000000fcd80000)
 ParOldGen       total 238592K, used 97648K [0x00000000e0c00000, 0x00000000ef500000, 0x00000000f5980000)
  object space 238592K, 40% used [0x00000000e0c00000,0x00000000e6b5c170,0x00000000ef500000)
 Metaspace       used 51852K, capacity 53546K, committed 53632K, reserved 1095680K
  class space    used 7544K, capacity 7797K, committed 7808K, reserved 1048576K
}
Event: 23.427 GC heap before
{Heap before GC invocations=29 (full 2):
 PSYoungGen      total 118272K, used 67264K [0x00000000f5980000, 0x0000000100000000, 0x0000000100000000)
  eden space 67072K, 100% used [0x00000000f5980000,0x00000000f9b00000,0x00000000f9b00000)
  from space 51200K, 0% used [0x00000000fce00000,0x00000000fce30000,0x0000000100000000)
  to   space 51712K, 0% used [0x00000000f9b00000,0x00000000f9b00000,0x00000000fcd80000)
 ParOldGen       total 238592K, used 97648K [0x00000000e0c00000, 0x00000000ef500000, 0x00000000f5980000)
  object space 238592K, 40% used [0x00000000e0c00000,0x00000000e6b5c170,0x00000000ef500000)
 Metaspace       used 51852K, capacity 53546K, committed 53632K, reserved 1095680K
  class space    used 7544K, capacity 7797K, committed 7808K, reserved 1048576K
Event: 23.430 GC heap after
Heap after GC invocations=29 (full 2):
 PSYoungGen      total 118784K, used 256K [0x00000000f5980000, 0x00000000fff80000, 0x0000000100000000)
  eden space 67072K, 0% used [0x00000000f5980000,0x00000000f5980000,0x00000000f9b00000)
  from space 51712K, 0% used [0x00000000f9b00000,0x00000000f9b40000,0x00000000fcd80000)
  to   space 51200K, 0% used [0x00000000fcd80000,0x00000000fcd80000,0x00000000fff80000)
 ParOldGen       total 238592K, used 97680K [0x00000000e0c00000, 0x00000000ef500000, 0x00000000f5980000)
  object space 238592K, 40% used [0x00000000e0c00000,0x00000000e6b64170,0x00000000ef500000)
 Metaspace       used 51852K, capacity 53546K, committed 53632K, reserved 1095680K
  class space    used 7544K, capacity 7797K, committed 7808K, reserved 1048576K
}

